e:\study\nmptgame\da-nmptgame\new folder\05-scenemanager\x64\debug\vc143.pdb
e:\study\nmptgame\da-nmptgame\new folder\05-scenemanager\x64\debug\vc143.idb
e:\study\nmptgame\da-nmptgame\new folder\05-scenemanager\x64\debug\utils.obj
e:\study\nmptgame\da-nmptgame\new folder\05-scenemanager\x64\debug\textures.obj
e:\study\nmptgame\da-nmptgame\new folder\05-scenemanager\x64\debug\sprites.obj
e:\study\nmptgame\da-nmptgame\new folder\05-scenemanager\x64\debug\sprite.obj
e:\study\nmptgame\da-nmptgame\new folder\05-scenemanager\x64\debug\samplekeyeventhandler.obj
e:\study\nmptgame\da-nmptgame\new folder\05-scenemanager\x64\debug\portal.obj
e:\study\nmptgame\da-nmptgame\new folder\05-scenemanager\x64\debug\playscene.obj
e:\study\nmptgame\da-nmptgame\new folder\05-scenemanager\x64\debug\platform.obj
e:\study\nmptgame\da-nmptgame\new folder\05-scenemanager\x64\debug\mario.obj
e:\study\nmptgame\da-nmptgame\new folder\05-scenemanager\x64\debug\main.obj
e:\study\nmptgame\da-nmptgame\new folder\05-scenemanager\x64\debug\goomba.obj
e:\study\nmptgame\da-nmptgame\new folder\05-scenemanager\x64\debug\gameobject.obj
e:\study\nmptgame\da-nmptgame\new folder\05-scenemanager\x64\debug\game.obj
e:\study\nmptgame\da-nmptgame\new folder\05-scenemanager\x64\debug\debug.obj
e:\study\nmptgame\da-nmptgame\new folder\05-scenemanager\x64\debug\collision.obj
e:\study\nmptgame\da-nmptgame\new folder\05-scenemanager\x64\debug\coin.obj
e:\study\nmptgame\da-nmptgame\new folder\05-scenemanager\x64\debug\brick.obj
e:\study\nmptgame\da-nmptgame\new folder\05-scenemanager\x64\debug\animations.obj
e:\study\nmptgame\da-nmptgame\new folder\05-scenemanager\x64\debug\animation.obj
e:\study\nmptgame\da-nmptgame\new folder\05-scenemanager\x64\debug\cbackground.obj
e:\study\nmptgame\da-nmptgame\new folder\x64\debug\d3dcompiler_43.dll
e:\study\nmptgame\da-nmptgame\new folder\x64\debug\d3dx9d_43.dll
e:\study\nmptgame\da-nmptgame\new folder\x64\debug\d3dx10d_43.dll
e:\study\nmptgame\da-nmptgame\new folder\x64\debug\d3dx11d_43.dll
e:\study\nmptgame\da-nmptgame\new folder\05-scenemanager\x64\debug\05-scenemanager.ilk
e:\study\nmptgame\da-nmptgame\new folder\x64\debug\05-scenemanager.pdb
e:\study\nmptgame\da-nmptgame\new folder\x64\debug\05-scenemanager.exe
e:\study\nmptgame\da-nmptgame\new folder\05-scenemanager\x64\debug\05-scenemanager.tlog\cl.command.1.tlog
e:\study\nmptgame\da-nmptgame\new folder\05-scenemanager\x64\debug\05-scenemanager.tlog\cl.read.1.tlog
e:\study\nmptgame\da-nmptgame\new folder\05-scenemanager\x64\debug\05-scenemanager.tlog\cl.write.1.tlog
e:\study\nmptgame\da-nmptgame\new folder\05-scenemanager\x64\debug\05-scenemanager.tlog\copylocal.read.1u.tlog
e:\study\nmptgame\da-nmptgame\new folder\05-scenemanager\x64\debug\05-scenemanager.tlog\copylocal.write.1u.tlog
e:\study\nmptgame\da-nmptgame\new folder\05-scenemanager\x64\debug\05-scenemanager.tlog\link.command.1.tlog
e:\study\nmptgame\da-nmptgame\new folder\05-scenemanager\x64\debug\05-scenemanager.tlog\link.read.1.tlog
e:\study\nmptgame\da-nmptgame\new folder\05-scenemanager\x64\debug\05-scenemanager.tlog\link.write.1.tlog
